This is pdfTeX, Version 3.14159265-2.6-1.40.16 (TeX Live 2015/Debian) (preloaded format=latex 2016.4.21)  27 APR 2017 19:01
entering extended mode
 restricted \write18 enabled.
 %&-line parsing enabled.
**./images.tex
(./images.tex
LaTeX2e <2016/02/01>
Babel <3.9q> and hyphenation patterns for 3 language(s) loaded.

(/usr/share/texlive/texmf-dist/tex/latex/base/article.cls
Document Class: article 2014/09/29 v1.4h Standard LaTeX document class
(/usr/share/texlive/texmf-dist/tex/latex/base/size11.clo
File: size11.clo 2014/09/29 v1.4h Standard LaTeX file (size option)
)
\c@part=\count79
\c@section=\count80
\c@subsection=\count81
\c@subsubsection=\count82
\c@paragraph=\count83
\c@subparagraph=\count84
\c@figure=\count85
\c@table=\count86
\abovecaptionskip=\skip41
\belowcaptionskip=\skip42
\bibindent=\dimen102
) (/usr/share/texlive/texmf-dist/tex/latex/base/ifthen.sty
Package: ifthen 2014/09/29 v1.1c Standard LaTeX ifthen package (DPC)
)
\outerbordwidth=\skip43
(/usr/share/texlive/texmf-dist/tex/latex/xcolor/xcolor.sty
Package: xcolor 2007/01/21 v2.11 LaTeX color extensions (UK)
(/usr/share/texlive/texmf-dist/tex/latex/latexconfig/color.cfg
File: color.cfg 2007/01/18 v1.5 color configuration of teTeX/TeXLive
)
Package xcolor Info: Driver file: dvips.def on input line 225.
(/usr/share/texlive/texmf-dist/tex/latex/graphics/dvips.def
File: dvips.def 2015/12/30 v3.0k Driver-dependent file (DPC,SPQR)
)
Package xcolor Info: Model `cmy' substituted by `cmy0' on input line 1337.
Package xcolor Info: Model `RGB' extended on input line 1353.
Package xcolor Info: Model `HTML' substituted by `rgb' on input line 1355.
Package xcolor Info: Model `Hsb' substituted by `hsb' on input line 1356.
Package xcolor Info: Model `tHsb' substituted by `hsb' on input line 1357.
Package xcolor Info: Model `HSB' substituted by `hsb' on input line 1358.
Package xcolor Info: Model `Gray' substituted by `gray' on input line 1359.
Package xcolor Info: Model `wave' substituted by `hsb' on input line 1360.
(/usr/share/texlive/texmf-dist/tex/latex/xcolor/svgnam.def
File: svgnam.def 2007/01/21 v2.11 Predefined colors according to SVG 1.1 (UK)
)) (/usr/share/texlive/texmf-dist/tex/latex/framed/framed.sty
Package: framed 2011/10/22 v 0.96: framed or shaded text with page breaks
\OuterFrameSep=\skip44
\fb@frw=\dimen103
\fb@frh=\dimen104
\FrameRule=\dimen105
\FrameSep=\dimen106
) (/usr/share/texlive/texmf-dist/tex/latex/tocloft/tocloft.sty
Package: tocloft 2013/05/02 v2.3f parameterised ToC, etc., typesetting
Package tocloft Info: The document has section divisions on input line 44.
\cftparskip=\skip45
\cftbeforetoctitleskip=\skip46
\cftaftertoctitleskip=\skip47
\cftbeforepartskip=\skip48
\cftpartnumwidth=\skip49
\cftpartindent=\skip50
\cftbeforesecskip=\skip51
\cftsecindent=\skip52
\cftsecnumwidth=\skip53
\cftbeforesubsecskip=\skip54
\cftsubsecindent=\skip55
\cftsubsecnumwidth=\skip56
\cftbeforesubsubsecskip=\skip57
\cftsubsubsecindent=\skip58
\cftsubsubsecnumwidth=\skip59
\cftbeforeparaskip=\skip60
\cftparaindent=\skip61
\cftparanumwidth=\skip62
\cftbeforesubparaskip=\skip63
\cftsubparaindent=\skip64
\cftsubparanumwidth=\skip65
\cftbeforeloftitleskip=\skip66
\cftafterloftitleskip=\skip67
\cftbeforefigskip=\skip68
\cftfigindent=\skip69
\cftfignumwidth=\skip70
\c@lofdepth=\count87
\c@lotdepth=\count88
\cftbeforelottitleskip=\skip71
\cftafterlottitleskip=\skip72
\cftbeforetabskip=\skip73
\cfttabindent=\skip74
\cfttabnumwidth=\skip75
) (/usr/share/texlive/texmf-dist/tex/latex/etoolbox/etoolbox.sty
Package: etoolbox 2015/08/02 v2.2a e-TeX tools for LaTeX (JAW)
\etb@tempcnta=\count89
)

! LaTeX Error: Option clash for package color.

See the LaTeX manual or LaTeX Companion for explanation.
Type  H <return>  for immediate help.
 ...                                              
                                                  
l.67 
     
The package color has already been loaded with options:
  []
There has now been an attempt to load it with options
  [dvips]
Adding the global options:
  ,dvips
to your \documentclass declaration may fix this.
Try typing  <return>  to proceed.

(/usr/share/texlive/texmf-dist/tex/latex/base/inputenc.sty
Package: inputenc 2015/03/17 v1.2c Input encoding file
\inpenc@prehook=\toks14
\inpenc@posthook=\toks15
)
\sizebox=\box26
\lthtmlwrite=\write3
(./images.aux)
\openout1 = `images.aux'.

LaTeX Font Info:    Checking defaults for OML/cmm/m/it on input line 171.
LaTeX Font Info:    ... okay on input line 171.
LaTeX Font Info:    Checking defaults for T1/cmr/m/n on input line 171.
LaTeX Font Info:    ... okay on input line 171.
LaTeX Font Info:    Checking defaults for OT1/cmr/m/n on input line 171.
LaTeX Font Info:    ... okay on input line 171.
LaTeX Font Info:    Checking defaults for OMS/cmsy/m/n on input line 171.
LaTeX Font Info:    ... okay on input line 171.
LaTeX Font Info:    Checking defaults for OMX/cmex/m/n on input line 171.
LaTeX Font Info:    ... okay on input line 171.
LaTeX Font Info:    Checking defaults for U/cmr/m/n on input line 171.
LaTeX Font Info:    ... okay on input line 171.

latex2htmlLength hsize=349.0pt

latex2htmlLength vsize=694.88377pt

latex2htmlLength hoffset=0.0pt

latex2htmlLength voffset=0.0pt

latex2htmlLength topmargin=0.0pt

latex2htmlLength topskip=0.00003pt

latex2htmlLength headheight=0.0pt

latex2htmlLength headsep=0.0pt

latex2htmlLength parskip=0.0pt plus 1.0pt

latex2htmlLength oddsidemargin=-18.06749pt

latex2htmlLength evensidemargin=-18.06749pt

LaTeX Font Info:    External font `cmex10' loaded for size
(Font)              <10.95> on input line 195.
LaTeX Font Info:    External font `cmex10' loaded for size
(Font)              <8> on input line 195.
LaTeX Font Info:    External font `cmex10' loaded for size
(Font)              <6> on input line 195.
l2hSize :tex2html_wrap_inline660:26.19685pt::26.19685pt::349.54753pt.

Overfull \hbox (3.75655pt too wide) in paragraph at lines 200--201
[]|[]  
 []

[1



]
l2hSize :tex2html_wrap_inline667:26.29893pt::26.29893pt::349.54753pt.

Overfull \hbox (3.75655pt too wide) in paragraph at lines 210--211
[]|[]  
 []

[2


]
l2hSize :tex2html_wrap_inline686:26.29893pt::26.29893pt::349.54753pt.

Overfull \hbox (3.75655pt too wide) in paragraph at lines 220--221
[]|[]  
 []

[3


]
l2hSize :tex2html_wrap_inline693:26.29893pt::26.29893pt::349.54753pt.

Overfull \hbox (3.75655pt too wide) in paragraph at lines 230--231
[]|[]  
 []

[4


]
l2hSize :tex2html_wrap_inline706:26.19685pt::26.19685pt::349.54753pt.

Overfull \hbox (3.75655pt too wide) in paragraph at lines 240--241
[]|[]  
 []

[5


]
l2hSize :tex2html_wrap_inline707:26.19685pt::26.19685pt::349.54753pt.

Overfull \hbox (3.75655pt too wide) in paragraph at lines 250--251
[]|[]  
 []

[6


]
l2hSize :tex2html_wrap_inline708:26.19685pt::26.19685pt::349.54753pt.

Overfull \hbox (3.75655pt too wide) in paragraph at lines 260--261
[]|[]  
 []

[7


]
l2hSize :tex2html_wrap_inline713:26.63226pt::26.63226pt::349.54753pt.

Overfull \hbox (3.75655pt too wide) in paragraph at lines 270--271
[]|[]  
 []

[8


]
l2hSize :tex2html_wrap_inline726:26.19685pt::26.19685pt::349.54753pt.

Overfull \hbox (3.75655pt too wide) in paragraph at lines 280--281
[]|[]  
 []

[9


] (./images.aux) ) 
Here is how much of TeX's memory you used:
 1673 strings out of 494954
 21073 string characters out of 6181003
 83540 words of memory out of 5000000
 5003 multiletter control sequences out of 15000+600000
 7582 words of font info for 27 fonts, out of 8000000 for 9000
 14 hyphenation exceptions out of 8191
 26i,11n,35p,794b,245s stack positions out of 5000i,500n,10000p,200000b,80000s

Output written on images.dvi (9 pages, 6380 bytes).
